Using pre-set license
Built from '2022.3/release' branch; Version is '2022.3.12f1 (4fe6e059c7ef) revision 5236448'; Using compiler version '192829333'; Build Type 'Release'
OS: 'Windows 11  (10.0.22631) 64bit Professional' Language: 'en' Physical Memory: 32680 MB
BatchMode: 1, IsHumanControllingUs: 0, StartBugReporterOnCrash: 0, Is64bit: 1, IsPro: 1

COMMAND LINE ARGUMENTS:
C:\Program Files\Unity\Hub\Editor\2022.3.12f1\Editor\Unity.exe
-adb2
-batchMode
-noUpm
-name
AssetImportWorker0
-projectPath
E:/CodeLand/unity-learn-junior-programmer-pathway/Prototype 2
-logFile
Logs/AssetImportWorker0.log
-srvPort
54328
Successfully changed project path to: E:/CodeLand/unity-learn-junior-programmer-pathway/Prototype 2
E:/CodeLand/unity-learn-junior-programmer-pathway/Prototype 2
[UnityMemory] Configuration Parameters - Can be set up in boot.config
    "memorysetup-bucket-allocator-granularity=16"
    "memorysetup-bucket-allocator-bucket-count=8"
    "memorysetup-bucket-allocator-block-size=33554432"
    "memorysetup-bucket-allocator-block-count=8"
    "memorysetup-main-allocator-block-size=16777216"
    "memorysetup-thread-allocator-block-size=16777216"
    "memorysetup-gfx-main-allocator-block-size=16777216"
    "memorysetup-gfx-thread-allocator-block-size=16777216"
    "memorysetup-cache-allocator-block-size=4194304"
    "memorysetup-typetree-allocator-block-size=2097152"
    "memorysetup-profiler-bucket-allocator-granularity=16"
    "memorysetup-profiler-bucket-allocator-bucket-count=8"
    "memorysetup-profiler-bucket-allocator-block-size=33554432"
    "memorysetup-profiler-bucket-allocator-block-count=8"
    "memorysetup-profiler-allocator-block-size=16777216"
    "memorysetup-profiler-editor-allocator-block-size=1048576"
    "memorysetup-temp-allocator-size-main=16777216"
    "memorysetup-job-temp-allocator-block-size=2097152"
    "memorysetup-job-temp-allocator-block-size-background=1048576"
    "memorysetup-job-temp-allocator-reduction-small-platforms=262144"
    "memorysetup-allocator-temp-initial-block-size-main=262144"
    "memorysetup-allocator-temp-initial-block-size-worker=262144"
    "memorysetup-temp-allocator-size-background-worker=32768"
    "memorysetup-temp-allocator-size-job-worker=262144"
    "memorysetup-temp-allocator-size-preload-manager=33554432"
    "memorysetup-temp-allocator-size-nav-mesh-worker=65536"
    "memorysetup-temp-allocator-size-audio-worker=65536"
    "memorysetup-temp-allocator-size-cloud-worker=32768"
    "memorysetup-temp-allocator-size-gi-baking-worker=262144"
    "memorysetup-temp-allocator-size-gfx=262144"
Player connection [37780] Host "[IP] 192.168.50.152 [Port] 0 [Flags] 2 [Guid] 2315412452 [EditorId] 2315412452 [Version] 1048832 [Id] WindowsEditor(7,corvo) [Debug] 1 [PackageName] WindowsEditor [ProjectName] Editor" joined multi-casting on [225.0.0.222:54997]...

Player connection [37780] Host "[IP] 192.168.50.152 [Port] 0 [Flags] 2 [Guid] 2315412452 [EditorId] 2315412452 [Version] 1048832 [Id] WindowsEditor(7,corvo) [Debug] 1 [PackageName] WindowsEditor [ProjectName] Editor" joined alternative multi-casting on [225.0.0.222:34997]...

[Physics::Module] Initialized MultithreadedJobDispatcher with 23 workers.
Refreshing native plugins compatible for Editor in 9.97 ms, found 3 plugins.
Preloading 0 native plugins for Editor in 0.00 ms.
Initialize engine version: 2022.3.12f1 (4fe6e059c7ef)
[Subsystems] Discovering subsystems at path C:/Program Files/Unity/Hub/Editor/2022.3.12f1/Editor/Data/Resources/UnitySubsystems
[Subsystems] Discovering subsystems at path E:/CodeLand/unity-learn-junior-programmer-pathway/Prototype 2/Assets
GfxDevice: creating device client; threaded=0; jobified=0
Direct3D:
    Version:  Direct3D 11.0 [level 11.1]
    Renderer: NVIDIA GeForce RTX 2080 Ti (ID=0x1e04)
    Vendor:   NVIDIA
    VRAM:     11041 MB
    Driver:   31.0.15.4633
Initialize mono
Mono path[0] = 'C:/Program Files/Unity/Hub/Editor/2022.3.12f1/Editor/Data/Managed'
Mono path[1] = 'C:/Program Files/Unity/Hub/Editor/2022.3.12f1/Editor/Data/MonoBleedingEdge/lib/mono/unityjit-win32'
Mono config path = 'C:/Program Files/Unity/Hub/Editor/2022.3.12f1/Editor/Data/MonoBleedingEdge/etc'
Using monoOptions --debugger-agent=transport=dt_socket,embedding=1,server=y,suspend=n,address=127.0.0.1:56572
Begin MonoManager ReloadAssembly
Registering precompiled unity dll's ...
Register platform support module: C:/Program Files/Unity/Hub/Editor/2022.3.12f1/Editor/Data/PlaybackEngines/WebGLSupport/UnityEditor.WebGL.Extensions.dll
Register platform support module: C:/Program Files/Unity/Hub/Editor/2022.3.12f1/Editor/Data/PlaybackEngines/MacStandaloneSupport/UnityEditor.OSXStandalone.Extensions.dll
Register platform support module: C:/Program Files/Unity/Hub/Editor/2022.3.12f1/Editor/Data/PlaybackEngines/iOSSupport/UnityEditor.iOS.Extensions.dll
Register platform support module: C:/Program Files/Unity/Hub/Editor/2022.3.12f1/Editor/Data/PlaybackEngines/WindowsStandaloneSupport/UnityEditor.WindowsStandalone.Extensions.dll
Registered in 0.010912 seconds.
- Loaded All Assemblies, in  0.325 seconds
Native extension for WindowsStandalone target not found
[usbmuxd] Start listen thread
[usbmuxd] Listen thread started
Native extension for iOS target not found
Native extension for OSXStandalone target not found
Native extension for WebGL target not found
Mono: successfully reloaded assembly
- Finished resetting the current domain, in  0.253 seconds
Domain Reload Profiling: 577ms
	BeginReloadAssembly (96ms)
		ExecutionOrderSort (0ms)
		DisableScriptedObjects (0ms)
		BackupInstance (0ms)
		ReleaseScriptingObjects (0ms)
		CreateAndSetChildDomain (1ms)
	RebuildCommonClasses (36ms)
	RebuildNativeTypeToScriptingClass (10ms)
	initialDomainReloadingComplete (55ms)
	LoadAllAssembliesAndSetupDomain (126ms)
		LoadAssemblies (94ms)
		RebuildTransferFunctionScriptingTraits (0ms)
		AnalyzeDomain (123ms)
			TypeCache.Refresh (122ms)
				TypeCache.ScanAssembly (110ms)
			ScanForSourceGeneratedMonoScriptInfo (0ms)
			ResolveRequiredComponents (1ms)
	FinalizeReload (253ms)
		ReleaseScriptCaches (0ms)
		RebuildScriptCaches (0ms)
		SetupLoadedEditorAssemblies (196ms)
			LogAssemblyErrors (0ms)
			InitializePlatformSupportModulesInManaged (31ms)
			SetLoadedEditorAssemblies (6ms)
			RefreshPlugins (0ms)
			BeforeProcessingInitializeOnLoad (2ms)
			ProcessInitializeOnLoadAttributes (113ms)
			ProcessInitializeOnLoadMethodAttributes (43ms)
			AfterProcessingInitializeOnLoad (0ms)
			EditorAssembliesLoaded (0ms)
		ExecutionOrderSort2 (0ms)
		AwakeInstancesAfterBackupRestoration (0ms)
========================================================================
Worker process is ready to serve import requests
Begin MonoManager ReloadAssembly
- Loaded All Assemblies, in  0.572 seconds
Refreshing native plugins compatible for Editor in 1.68 ms, found 3 plugins.
Native extension for WindowsStandalone target not found
Native extension for iOS target not found
Native extension for OSXStandalone target not found
Native extension for WebGL target not found
Package Manager log level set to [2]
[Package Manager] Server::EnsureServerProcessIsRunning -- launch failed, reason: Unity was launched with the -noUpm command-line argument
[Package Manager] UpmClient::Send -- Unable to send message (not connected to UPM process).
[Package Manager] Cannot connect to Unity Package Manager local server
Mono: successfully reloaded assembly
- Finished resetting the current domain, in  0.612 seconds
Domain Reload Profiling: 1182ms
	BeginReloadAssembly (134ms)
		ExecutionOrderSort (0ms)
		DisableScriptedObjects (5ms)
		BackupInstance (0ms)
		ReleaseScriptingObjects (0ms)
		CreateAndSetChildDomain (21ms)
	RebuildCommonClasses (30ms)
	RebuildNativeTypeToScriptingClass (10ms)
	initialDomainReloadingComplete (36ms)
	LoadAllAssembliesAndSetupDomain (358ms)
		LoadAssemblies (279ms)
		RebuildTransferFunctionScriptingTraits (0ms)
		AnalyzeDomain (155ms)
			TypeCache.Refresh (137ms)
				TypeCache.ScanAssembly (124ms)
			ScanForSourceGeneratedMonoScriptInfo (12ms)
			ResolveRequiredComponents (4ms)
	FinalizeReload (613ms)
		ReleaseScriptCaches (0ms)
		RebuildScriptCaches (0ms)
		SetupLoadedEditorAssemblies (468ms)
			LogAssemblyErrors (0ms)
			InitializePlatformSupportModulesInManaged (25ms)
			SetLoadedEditorAssemblies (5ms)
			RefreshPlugins (0ms)
			BeforeProcessingInitializeOnLoad (95ms)
			ProcessInitializeOnLoadAttributes (317ms)
			ProcessInitializeOnLoadMethodAttributes (18ms)
			AfterProcessingInitializeOnLoad (7ms)
			EditorAssembliesLoaded (0ms)
		ExecutionOrderSort2 (0ms)
		AwakeInstancesAfterBackupRestoration (5ms)
Launched and connected shader compiler UnityShaderCompiler.exe after 0.05 seconds
Refreshing native plugins compatible for Editor in 1.83 ms, found 3 plugins.
Preloading 0 native plugins for Editor in 0.00 ms.
Unloading 3092 Unused Serialized files (Serialized files now loaded: 0)
Unloading 32 unused Assets / (56.9 KB). Loaded Objects now: 3554.
Memory consumption went from 121.9 MB to 121.9 MB.
Total: 3.191500 ms (FindLiveObjects: 0.324400 ms CreateObjectMapping: 0.092200 ms MarkObjects: 2.673600 ms  DeleteObjects: 0.099600 ms)

AssetImportParameters requested are different than current active one (requested -> active):
  custom:container-demuxer-ogg: 62fdf1f143b41e24485cea50d1cbac27 -> 
  custom:video-decoder-ogg-theora: a1e56fd34408186e4bbccfd4996cb3dc -> 
  custom:framework-win-MediaFoundation: 216162199b28c13a410421893ffa2e32 -> 
  custom:CustomObjectIndexerAttribute: 756ad292c208cfabdd7b50bc23989ffe -> 
  custom:container-demuxer-webm: 4f35f7cbe854078d1ac9338744f61a02 -> 
  custom:container-muxer-webm: aa71ff27fc2769a1b78a27578f13a17b -> 
  custom:video-decoder-webm-vp8: 9c59270c3fd7afecdb556c50c9e8de78 -> 
  custom:SearchIndexIgnoredProperties: e643bd26f0fe6173181afceb89e7c659 -> 
  custom:AudioImporter_EditorPlatform: d09bf68614088b80899f8185d706f6e7 -> 
  custom:video-encoder-webm-vp8: eb34c28f22e8b96e1ab97ce403110664 -> 
  custom:audio-decoder-ogg-vorbis: bf7c407c2cedff20999df2af8eb42d56 -> 
  custom:audio-encoder-webm-vorbis: bf7c407c2cedff20999df2af8eb42d56 -> 
========================================================================
Received Import Request.
  Time since last request: 798894.326126 seconds.
  path: Assets/Challenge 2/Scripts/PlayerControllerX.cs
  artifactKey: Guid(5d96ad106bd784549a370bbfd1f8b697) Importer(815301076,1909f56bfc062723c751e8b465ee728b)
Start importing Assets/Challenge 2/Scripts/PlayerControllerX.cs using Guid(5d96ad106bd784549a370bbfd1f8b697) Importer(815301076,1909f56bfc062723c751e8b465ee728b)  -> (artifact id: 'faea80dd5febb1a93855b9b3eb2789f8') in 0.002590 seconds
Number of updated asset objects reloaded before import = 0
Number of asset objects unloaded after import = 0
========================================================================
Received Import Request.
  Time since last request: 0.029599 seconds.
  path: Assets/Course Library/Animals/Dogs/Dog_GermanShepherd_01.prefab
  artifactKey: Guid(3b3cb28f974c42c4481d72da460937c9) Importer(815301076,1909f56bfc062723c751e8b465ee728b)
Start importing Assets/Course Library/Animals/Dogs/Dog_GermanShepherd_01.prefab using Guid(3b3cb28f974c42c4481d72da460937c9) Importer(815301076,1909f56bfc062723c751e8b465ee728b)  -> (artifact id: 'a1ec7152154125cfe222c53ac4207163') in 0.121749 seconds
Number of updated asset objects reloaded before import = 0
Number of asset objects unloaded after import = 271
========================================================================
Received Import Request.
  Time since last request: 0.004863 seconds.
  path: Assets/Course Library/Animals/Farm
  artifactKey: Guid(a54cf986d26a142ecb0c4813dc58ef12) Importer(815301076,1909f56bfc062723c751e8b465ee728b)
Start importing Assets/Course Library/Animals/Farm using Guid(a54cf986d26a142ecb0c4813dc58ef12) Importer(815301076,1909f56bfc062723c751e8b465ee728b)  -> (artifact id: 'aa422949ac1e393f3a473d6b0c99a2e0') in 0.000842 seconds
Number of updated asset objects reloaded before import = 0
Number of asset objects unloaded after import = 0
========================================================================
Received Import Request.
  Time since last request: 0.007571 seconds.
  path: Assets/Course Library/_Source_Files/Misc/SFA_Animal_Fox.controller
  artifactKey: Guid(2c635c4a73fa65c4c9271526dd38e163) Importer(815301076,1909f56bfc062723c751e8b465ee728b)
Start importing Assets/Course Library/_Source_Files/Misc/SFA_Animal_Fox.controller using Guid(2c635c4a73fa65c4c9271526dd38e163) Importer(815301076,1909f56bfc062723c751e8b465ee728b)  -> (artifact id: 'a14222c6758ebaa3260154cba2019114') in 0.004356 seconds
Number of updated asset objects reloaded before import = 0
Number of asset objects unloaded after import = 11
========================================================================
Received Import Request.
  Time since last request: 0.002064 seconds.
  path: Assets/Prefabs/Dogs/Dog_Pug_01.prefab
  artifactKey: Guid(cd9e1765ac271c64f8f9616e6b7c5c4f) Importer(815301076,1909f56bfc062723c751e8b465ee728b)
Start importing Assets/Prefabs/Dogs/Dog_Pug_01.prefab using Guid(cd9e1765ac271c64f8f9616e6b7c5c4f) Importer(815301076,1909f56bfc062723c751e8b465ee728b)  -> (artifact id: 'e8d687b4641b89884412b544b252923e') in 0.027075 seconds
Number of updated asset objects reloaded before import = 0
Number of asset objects unloaded after import = 275
========================================================================
Received Import Request.
  Time since last request: 0.006079 seconds.
  path: Assets/Course Library/_Source_Files/FBX/Materials/lambert1.mat
  artifactKey: Guid(ddae28632c1d08b488c07c96ab177dd5) Importer(815301076,1909f56bfc062723c751e8b465ee728b)
Start importing Assets/Course Library/_Source_Files/FBX/Materials/lambert1.mat using Guid(ddae28632c1d08b488c07c96ab177dd5) Importer(815301076,1909f56bfc062723c751e8b465ee728b)  -> (artifact id: '3a137442cbdbdd81e8f7ab354944e727') in 0.025102 seconds
Number of updated asset objects reloaded before import = 0
Number of asset objects unloaded after import = 1
========================================================================
Received Import Request.
  Time since last request: 0.001428 seconds.
  path: Assets/Prefabs/Dogs/Dog_SaintBernard_01.prefab
  artifactKey: Guid(3cb70ee37ddb4a543b9ae40f5684abf3) Importer(815301076,1909f56bfc062723c751e8b465ee728b)
Start importing Assets/Prefabs/Dogs/Dog_SaintBernard_01.prefab using Guid(3cb70ee37ddb4a543b9ae40f5684abf3) Importer(815301076,1909f56bfc062723c751e8b465ee728b)  -> (artifact id: 'a9b3e935ec36e11628f4a0b32394ed35') in 0.026114 seconds
Number of updated asset objects reloaded before import = 0
Number of asset objects unloaded after import = 275
========================================================================
Received Import Request.
  Time since last request: 0.000862 seconds.
  path: Assets/Course Library/Animals/Dogs/Dog_BullTerrier_01.prefab
  artifactKey: Guid(09fd058ab758a754d8c7c1b690b4f068) Importer(815301076,1909f56bfc062723c751e8b465ee728b)
Start importing Assets/Course Library/Animals/Dogs/Dog_BullTerrier_01.prefab using Guid(09fd058ab758a754d8c7c1b690b4f068) Importer(815301076,1909f56bfc062723c751e8b465ee728b)  -> (artifact id: 'd26be116957a1a0109f44464b46437b5') in 0.028315 seconds
Number of updated asset objects reloaded before import = 0
Number of asset objects unloaded after import = 271
========================================================================
Received Import Request.
  Time since last request: 0.000023 seconds.
  path: Assets/Course Library/_Source_Files/Misc/SD_Animal_Dog.controller
  artifactKey: Guid(d7ff2687a5152784496920a366fcc30e) Importer(815301076,1909f56bfc062723c751e8b465ee728b)
Start importing Assets/Course Library/_Source_Files/Misc/SD_Animal_Dog.controller using Guid(d7ff2687a5152784496920a366fcc30e) Importer(815301076,1909f56bfc062723c751e8b465ee728b)  -> (artifact id: '0ec2783cedca458da2bd76b8e6ad3c24') in 0.009220 seconds
Number of updated asset objects reloaded before import = 0
Number of asset objects unloaded after import = 25
========================================================================
Received Import Request.
  Time since last request: 0.002748 seconds.
  path: Assets/Prefabs/Dogs/Dog_Labrador_01.prefab
  artifactKey: Guid(5c6d0f286a102004ca96924edbc4fbd4) Importer(815301076,1909f56bfc062723c751e8b465ee728b)
Start importing Assets/Prefabs/Dogs/Dog_Labrador_01.prefab using Guid(5c6d0f286a102004ca96924edbc4fbd4) Importer(815301076,1909f56bfc062723c751e8b465ee728b)  -> (artifact id: '6038fe09c4e48d573e3fac96de500cce') in 0.025105 seconds
Number of updated asset objects reloaded before import = 0
Number of asset objects unloaded after import = 275
========================================================================
Received Import Request.
  Time since last request: 0.005548 seconds.
  path: Assets/Course Library/Humans
  artifactKey: Guid(f09165a6113c3484f84f5d06d40147ec) Importer(815301076,1909f56bfc062723c751e8b465ee728b)
Start importing Assets/Course Library/Humans using Guid(f09165a6113c3484f84f5d06d40147ec) Importer(815301076,1909f56bfc062723c751e8b465ee728b)  -> (artifact id: '53431bb858c13d2d62724be487b4c588') in 0.000758 seconds
Number of updated asset objects reloaded before import = 0
Number of asset objects unloaded after import = 0
========================================================================
Received Import Request.
  Time since last request: 0.014121 seconds.
  path: Assets/Course Library/_Source_Files/FBX
  artifactKey: Guid(5522a65b4f20746ba835d086c3135412) Importer(815301076,1909f56bfc062723c751e8b465ee728b)
Start importing Assets/Course Library/_Source_Files/FBX using Guid(5522a65b4f20746ba835d086c3135412) Importer(815301076,1909f56bfc062723c751e8b465ee728b)  -> (artifact id: '9fb79b9ca2f6c6e7eb23b4c74155a6e0') in 0.000471 seconds
Number of updated asset objects reloaded before import = 0
Number of asset objects unloaded after import = 0
========================================================================
Received Import Request.
  Time since last request: 0.007963 seconds.
  path: Assets/Course Library/Animals/Dogs/Dog_Pug_01.prefab
  artifactKey: Guid(c35f3b540532d1747b95a8a2eea9991d) Importer(815301076,1909f56bfc062723c751e8b465ee728b)
Start importing Assets/Course Library/Animals/Dogs/Dog_Pug_01.prefab using Guid(c35f3b540532d1747b95a8a2eea9991d) Importer(815301076,1909f56bfc062723c751e8b465ee728b)  -> (artifact id: '327896b06dfaa473b6ad15ab8ac4beb1') in 0.025441 seconds
Number of updated asset objects reloaded before import = 0
Number of asset objects unloaded after import = 271
========================================================================
Received Import Request.
  Time since last request: 0.000444 seconds.
  path: Assets/Course Library/_Source_Files/_LICENSE.txt
  artifactKey: Guid(0310a912c63a84902ab614f875fc4f7e) Importer(815301076,1909f56bfc062723c751e8b465ee728b)
Start importing Assets/Course Library/_Source_Files/_LICENSE.txt using Guid(0310a912c63a84902ab614f875fc4f7e) Importer(815301076,1909f56bfc062723c751e8b465ee728b)  -> (artifact id: '2300417487be263d59e4ffb6510a55bb') in 0.001254 seconds
Number of updated asset objects reloaded before import = 0
Number of asset objects unloaded after import = 1
========================================================================
Received Import Request.
  Time since last request: 0.024342 seconds.
  path: Assets/Prefabs/Dogs/Dog_BullTerrier_01.prefab
  artifactKey: Guid(adc1cb2ea1575b746a5171335ff007e7) Importer(815301076,1909f56bfc062723c751e8b465ee728b)
Start importing Assets/Prefabs/Dogs/Dog_BullTerrier_01.prefab using Guid(adc1cb2ea1575b746a5171335ff007e7) Importer(815301076,1909f56bfc062723c751e8b465ee728b)  -> (artifact id: 'f726bfa669c91e0f8f7c2abe90d2e075') in 0.026786 seconds
Number of updated asset objects reloaded before import = 0
Number of asset objects unloaded after import = 275
========================================================================
Received Import Request.
  Time since last request: 0.027058 seconds.
  path: Assets/Course Library/_Source_Files/Misc/SimpleCharacter.controller
  artifactKey: Guid(022cd8e9b1d113b41905bcb401343e62) Importer(815301076,1909f56bfc062723c751e8b465ee728b)
Start importing Assets/Course Library/_Source_Files/Misc/SimpleCharacter.controller using Guid(022cd8e9b1d113b41905bcb401343e62) Importer(815301076,1909f56bfc062723c751e8b465ee728b)  -> (artifact id: '4783388f517b93b550fedb05da4f0987') in 0.011135 seconds
Number of updated asset objects reloaded before import = 0
Number of asset objects unloaded after import = 153
========================================================================
Received Import Request.
  Time since last request: 0.023216 seconds.
  path: Assets/Course Library/_Source_Files
  artifactKey: Guid(72f1805f9e4054127a65d3cab3ea01c4) Importer(815301076,1909f56bfc062723c751e8b465ee728b)
Start importing Assets/Course Library/_Source_Files using Guid(72f1805f9e4054127a65d3cab3ea01c4) Importer(815301076,1909f56bfc062723c751e8b465ee728b)  -> (artifact id: '306f9bf6d8271c236f6eb9dae58b06f4') in 0.000515 seconds
Number of updated asset objects reloaded before import = 0
Number of asset objects unloaded after import = 0
========================================================================
Received Import Request.
  Time since last request: 0.019206 seconds.
  path: Assets/Challenge 2/Prefabs/Ball 1.prefab
  artifactKey: Guid(1d143480adadf43389395930eee2b5cf) Importer(815301076,1909f56bfc062723c751e8b465ee728b)
Start importing Assets/Challenge 2/Prefabs/Ball 1.prefab using Guid(1d143480adadf43389395930eee2b5cf) Importer(815301076,1909f56bfc062723c751e8b465ee728b)  -> (artifact id: '7892ef0361d05372f784e33377eb3aed') in 0.011332 seconds
Number of updated asset objects reloaded before import = 0
Number of asset objects unloaded after import = 12
========================================================================
Received Import Request.
  Time since last request: 0.006193 seconds.
  path: Assets/Course Library/Food/Food_Bone_01.prefab
  artifactKey: Guid(1f17d257118ec324ca772c5b2bacbb14) Importer(815301076,1909f56bfc062723c751e8b465ee728b)
Start importing Assets/Course Library/Food/Food_Bone_01.prefab using Guid(1f17d257118ec324ca772c5b2bacbb14) Importer(815301076,1909f56bfc062723c751e8b465ee728b)  -> (artifact id: '529d1a3d68057ae101b4be1324b761b8') in 0.011054 seconds
Number of updated asset objects reloaded before import = 0
Number of asset objects unloaded after import = 9
========================================================================
Received Import Request.
  Time since last request: 0.007957 seconds.
  path: Assets/Challenge 2/Scripts/SpawnManagerX.cs
  artifactKey: Guid(745c25f6adc3b4804961d8389a1a74fa) Importer(815301076,1909f56bfc062723c751e8b465ee728b)
Start importing Assets/Challenge 2/Scripts/SpawnManagerX.cs using Guid(745c25f6adc3b4804961d8389a1a74fa) Importer(815301076,1909f56bfc062723c751e8b465ee728b)  -> (artifact id: '64e52e093ac3854431331b58124b8ce5') in 0.000659 seconds
Number of updated asset objects reloaded before import = 0
Number of asset objects unloaded after import = 0
========================================================================
Received Import Request.
  Time since last request: 0.008709 seconds.
  path: Assets/Scripts/DestroyOutOfBounds.cs
  artifactKey: Guid(46b8673fa98c5d74d9c185b7a28c70f2) Importer(815301076,1909f56bfc062723c751e8b465ee728b)
Start importing Assets/Scripts/DestroyOutOfBounds.cs using Guid(46b8673fa98c5d74d9c185b7a28c70f2) Importer(815301076,1909f56bfc062723c751e8b465ee728b)  -> (artifact id: 'ff09f94f358c805cea678606b404ebfb') in 0.000445 seconds
Number of updated asset objects reloaded before import = 0
Number of asset objects unloaded after import = 0
========================================================================
Received Import Request.
  Time since last request: 0.001126 seconds.
  path: Assets/Course Library/Animals
  artifactKey: Guid(2a233e3b8000d4cfab4341947c776ae3) Importer(815301076,1909f56bfc062723c751e8b465ee728b)
Start importing Assets/Course Library/Animals using Guid(2a233e3b8000d4cfab4341947c776ae3) Importer(815301076,1909f56bfc062723c751e8b465ee728b)  -> (artifact id: '6f406b736b22b898b6c23ad3e2155162') in 0.000452 seconds
Number of updated asset objects reloaded before import = 0
Number of asset objects unloaded after import = 0
========================================================================
Received Import Request.
  Time since last request: 0.009074 seconds.
  path: Assets/Course Library/Animals/Dogs/Dog_Beagle_01.prefab
  artifactKey: Guid(05554c72f25b7364caea91a88803135d) Importer(815301076,1909f56bfc062723c751e8b465ee728b)
Start importing Assets/Course Library/Animals/Dogs/Dog_Beagle_01.prefab using Guid(05554c72f25b7364caea91a88803135d) Importer(815301076,1909f56bfc062723c751e8b465ee728b)  -> (artifact id: '137f6501b2dc66ce44db28d316614ebe') in 0.025011 seconds
Number of updated asset objects reloaded before import = 0
Number of asset objects unloaded after import = 271
========================================================================
Received Import Request.
  Time since last request: 0.012191 seconds.
  path: Assets/Course Library/Animals/Dogs/Dog_Doberman_01.prefab
  artifactKey: Guid(2b6e184cdeba888429a079d519a7c8d5) Importer(815301076,1909f56bfc062723c751e8b465ee728b)
Start importing Assets/Course Library/Animals/Dogs/Dog_Doberman_01.prefab using Guid(2b6e184cdeba888429a079d519a7c8d5) Importer(815301076,1909f56bfc062723c751e8b465ee728b)  -> (artifact id: '5c5ac23290a33677b4cf0b4a0a324deb') in 0.025962 seconds
Number of updated asset objects reloaded before import = 0
Number of asset objects unloaded after import = 271
========================================================================
Received Import Request.
  Time since last request: 0.063339 seconds.
  path: Assets/Prefabs/Player.prefab
  artifactKey: Guid(4f20c4d56d605984f85c35ced180626d) Importer(815301076,1909f56bfc062723c751e8b465ee728b)
Start importing Assets/Prefabs/Player.prefab using Guid(4f20c4d56d605984f85c35ced180626d) Importer(815301076,1909f56bfc062723c751e8b465ee728b)  -> (artifact id: '9463ba5d0f9a7ce48da5dfb91b14c15d') in 0.031573 seconds
Number of updated asset objects reloaded before import = 0
Number of asset objects unloaded after import = 241
========================================================================
Received Import Request.
  Time since last request: 0.024462 seconds.
  path: Assets/Prefabs/Dogs/Dog_Beagle_01.prefab
  artifactKey: Guid(511b60e232256d649b772f4c70f878da) Importer(815301076,1909f56bfc062723c751e8b465ee728b)
Start importing Assets/Prefabs/Dogs/Dog_Beagle_01.prefab using Guid(511b60e232256d649b772f4c70f878da) Importer(815301076,1909f56bfc062723c751e8b465ee728b)  -> (artifact id: 'd6c795e88be7b7ee78d620a684ea61f4') in 0.025360 seconds
Number of updated asset objects reloaded before import = 0
Number of asset objects unloaded after import = 275
========================================================================
Received Import Request.
  Time since last request: 0.000604 seconds.
  path: Assets/Course Library/Animals/Dogs/Dog_BorderCollie_01.prefab
  artifactKey: Guid(d3273ee892cdcf749a22b49daf393a91) Importer(815301076,1909f56bfc062723c751e8b465ee728b)
Start importing Assets/Course Library/Animals/Dogs/Dog_BorderCollie_01.prefab using Guid(d3273ee892cdcf749a22b49daf393a91) Importer(815301076,1909f56bfc062723c751e8b465ee728b)  -> (artifact id: 'a49e354ee7a72361d29f2b72694eccaf') in 0.026486 seconds
Number of updated asset objects reloaded before import = 0
Number of asset objects unloaded after import = 271
========================================================================
Received Import Request.
  Time since last request: 0.023547 seconds.
  path: Assets/Course Library/Materials
  artifactKey: Guid(ad3a603cc86ae4a379e0528b7bfd13be) Importer(815301076,1909f56bfc062723c751e8b465ee728b)
Start importing Assets/Course Library/Materials using Guid(ad3a603cc86ae4a379e0528b7bfd13be) Importer(815301076,1909f56bfc062723c751e8b465ee728b)  -> (artifact id: 'fee8edf87eb3eaaf6d117e84888576cf') in 0.000811 seconds
Number of updated asset objects reloaded before import = 0
Number of asset objects unloaded after import = 0
========================================================================
Received Import Request.
  Time since last request: 0.014997 seconds.
  path: Assets/Course Library/Animals/Dogs/Dog_Labrador_01.prefab
  artifactKey: Guid(938147f6ad7eebe4cb99d4a14cb96757) Importer(815301076,1909f56bfc062723c751e8b465ee728b)
Start importing Assets/Course Library/Animals/Dogs/Dog_Labrador_01.prefab using Guid(938147f6ad7eebe4cb99d4a14cb96757) Importer(815301076,1909f56bfc062723c751e8b465ee728b)  -> (artifact id: '7381ff01528425c754edb59950a26ee5') in 0.027507 seconds
Number of updated asset objects reloaded before import = 0
Number of asset objects unloaded after import = 271
========================================================================
Received Import Request.
  Time since last request: 0.007228 seconds.
  path: Assets/Course Library/Animals/Dogs/Dog_SaintBernard_01.prefab
  artifactKey: Guid(7e327461e79cb2a479e055d455c9a2fd) Importer(815301076,1909f56bfc062723c751e8b465ee728b)
Start importing Assets/Course Library/Animals/Dogs/Dog_SaintBernard_01.prefab using Guid(7e327461e79cb2a479e055d455c9a2fd) Importer(815301076,1909f56bfc062723c751e8b465ee728b)  -> (artifact id: '57d7f588ca74e85dfa08932b508f219a') in 0.025505 seconds
Number of updated asset objects reloaded before import = 0
Number of asset objects unloaded after import = 271
========================================================================
Received Import Request.
  Time since last request: 0.000467 seconds.
  path: Assets/Prefabs/Dogs/Dog_Doberman_01.prefab
  artifactKey: Guid(1732a942750b5b442915f4a1ae2c3632) Importer(815301076,1909f56bfc062723c751e8b465ee728b)
Start importing Assets/Prefabs/Dogs/Dog_Doberman_01.prefab using Guid(1732a942750b5b442915f4a1ae2c3632) Importer(815301076,1909f56bfc062723c751e8b465ee728b)  -> (artifact id: 'f2051275dfe83a54a2ffd7a36a69e101') in 0.026935 seconds
Number of updated asset objects reloaded before import = 0
Number of asset objects unloaded after import = 275
========================================================================
Received Import Request.
  Time since last request: 0.006507 seconds.
  path: Assets/Challenge 2/Prefabs/Ball 3.prefab
  artifactKey: Guid(fc41e6839a5494e0cbaea5f0081c271d) Importer(815301076,1909f56bfc062723c751e8b465ee728b)
Start importing Assets/Challenge 2/Prefabs/Ball 3.prefab using Guid(fc41e6839a5494e0cbaea5f0081c271d) Importer(815301076,1909f56bfc062723c751e8b465ee728b)  -> (artifact id: 'f98073ba95965590b2567ab262d80f20') in 0.011293 seconds
Number of updated asset objects reloaded before import = 0
Number of asset objects unloaded after import = 12
========================================================================
Received Import Request.
  Time since last request: 0.026739 seconds.
  path: Assets/Course Library/_Source_Files/Misc/SA_Animal_Chick.controller
  artifactKey: Guid(fcb5ec06ce1a1d0468b35327576bb69a) Importer(815301076,1909f56bfc062723c751e8b465ee728b)
Start importing Assets/Course Library/_Source_Files/Misc/SA_Animal_Chick.controller using Guid(fcb5ec06ce1a1d0468b35327576bb69a) Importer(815301076,1909f56bfc062723c751e8b465ee728b)  -> (artifact id: '238f557aeec7add5f16438d5bc4da4e6') in 0.001695 seconds
Number of updated asset objects reloaded before import = 0
Number of asset objects unloaded after import = 11
========================================================================
Received Import Request.
  Time since last request: 0.019767 seconds.
  path: Assets/Course Library/_Source_Files/Textures
  artifactKey: Guid(ae9b7b5b6dddb4009817f870c10d2d26) Importer(815301076,1909f56bfc062723c751e8b465ee728b)
Start importing Assets/Course Library/_Source_Files/Textures using Guid(ae9b7b5b6dddb4009817f870c10d2d26) Importer(815301076,1909f56bfc062723c751e8b465ee728b)  -> (artifact id: 'b4b32448a25d809197e37e78bbb372ba') in 0.000507 seconds
Number of updated asset objects reloaded before import = 0
Number of asset objects unloaded after import = 0
========================================================================
Received Import Request.
  Time since last request: 0.017876 seconds.
  path: Assets/Course Library/Food
  artifactKey: Guid(ebb5014b986f346d0a94f77d3088ef31) Importer(815301076,1909f56bfc062723c751e8b465ee728b)
Start importing Assets/Course Library/Food using Guid(ebb5014b986f346d0a94f77d3088ef31) Importer(815301076,1909f56bfc062723c751e8b465ee728b)  -> (artifact id: 'f70312275bf2a6664262d46d145828cc') in 0.000464 seconds
Number of updated asset objects reloaded before import = 0
Number of asset objects unloaded after import = 0
========================================================================
Received Import Request.
  Time since last request: 0.001872 seconds.
  path: Assets/Course Library/Food/Food_Steak_01.prefab
  artifactKey: Guid(9f063c5e5835cbd4b8dc54a6c0b45db4) Importer(815301076,1909f56bfc062723c751e8b465ee728b)
Start importing Assets/Course Library/Food/Food_Steak_01.prefab using Guid(9f063c5e5835cbd4b8dc54a6c0b45db4) Importer(815301076,1909f56bfc062723c751e8b465ee728b)  -> (artifact id: 'bd1f68a99e1b49a2c5936bbe7d8803ea') in 0.010799 seconds
Number of updated asset objects reloaded before import = 0
Number of asset objects unloaded after import = 9
========================================================================
Received Import Request.
  Time since last request: 0.001704 seconds.
  path: Assets/Scripts/SpawnManager.cs
  artifactKey: Guid(a051800a78036bb4889a0a72e0360577) Importer(815301076,1909f56bfc062723c751e8b465ee728b)
Start importing Assets/Scripts/SpawnManager.cs using Guid(a051800a78036bb4889a0a72e0360577) Importer(815301076,1909f56bfc062723c751e8b465ee728b)  -> (artifact id: 'f20033cd9a4e21752c072a22f2885013') in 0.000467 seconds
Number of updated asset objects reloaded before import = 0
Number of asset objects unloaded after import = 0
========================================================================
Received Import Request.
  Time since last request: 0.006888 seconds.
  path: Assets/Course Library/_Source_Files/Misc/SA_Animal_Horse.controller
  artifactKey: Guid(8d09d925d62f9924488c35d1fc609194) Importer(815301076,1909f56bfc062723c751e8b465ee728b)
Start importing Assets/Course Library/_Source_Files/Misc/SA_Animal_Horse.controller using Guid(8d09d925d62f9924488c35d1fc609194) Importer(815301076,1909f56bfc062723c751e8b465ee728b)  -> (artifact id: '48e48fd9812d388cb39f5ae29a362b81') in 0.004700 seconds
Number of updated asset objects reloaded before import = 0
Number of asset objects unloaded after import = 11
========================================================================
Received Import Request.
  Time since last request: 0.007754 seconds.
  path: Assets/Prefabs/Dogs/Dog_BullDog_01.prefab
  artifactKey: Guid(fe31ce7e39381cf43b1131319755603d) Importer(815301076,1909f56bfc062723c751e8b465ee728b)
Start importing Assets/Prefabs/Dogs/Dog_BullDog_01.prefab using Guid(fe31ce7e39381cf43b1131319755603d) Importer(815301076,1909f56bfc062723c751e8b465ee728b)  -> (artifact id: 'ac176ec1b218e0059f4af8b5fdab188b') in 0.025084 seconds
Number of updated asset objects reloaded before import = 0
Number of asset objects unloaded after import = 275
========================================================================
Received Import Request.
  Time since last request: 0.000166 seconds.
  path: Assets/Challenge 2/Challenge 2.unity
  artifactKey: Guid(f695fe0c51d8449d2b49648dad174255) Importer(815301076,1909f56bfc062723c751e8b465ee728b)
Start importing Assets/Challenge 2/Challenge 2.unity using Guid(f695fe0c51d8449d2b49648dad174255) Importer(815301076,1909f56bfc062723c751e8b465ee728b)  -> (artifact id: '57b53ccbee84141897bec7ca85f55fb7') in 0.000910 seconds
Number of updated asset objects reloaded before import = 0
Number of asset objects unloaded after import = 0
========================================================================
Received Import Request.
  Time since last request: 0.012953 seconds.
  path: Assets/Challenge 2/_Source_Files
  artifactKey: Guid(e1ef275812623405aad5ee3011025572) Importer(815301076,1909f56bfc062723c751e8b465ee728b)
Start importing Assets/Challenge 2/_Source_Files using Guid(e1ef275812623405aad5ee3011025572) Importer(815301076,1909f56bfc062723c751e8b465ee728b)  -> (artifact id: '1ec4eacf28ba85a945fd7e7b552863d3') in 0.000519 seconds
Number of updated asset objects reloaded before import = 0
Number of asset objects unloaded after import = 0
========================================================================
Received Import Request.
  Time since last request: 0.016112 seconds.
  path: Assets/Course Library/_Source_Files/Misc
  artifactKey: Guid(993f981147786450bb782079c0d62878) Importer(815301076,1909f56bfc062723c751e8b465ee728b)
Start importing Assets/Course Library/_Source_Files/Misc using Guid(993f981147786450bb782079c0d62878) Importer(815301076,1909f56bfc062723c751e8b465ee728b)  -> (artifact id: '462fb9a62eecdfd35d7a4f7d6471e4cd') in 0.000406 seconds
Number of updated asset objects reloaded before import = 0
Number of asset objects unloaded after import = 0
========================================================================
Received Import Request.
  Time since last request: 0.001889 seconds.
  path: Assets/Prefabs/Dogs/Dog_GermanShepherd_01.prefab
  artifactKey: Guid(ef10be7d65aa1904e88a4e6f1175f6c8) Importer(815301076,1909f56bfc062723c751e8b465ee728b)
Start importing Assets/Prefabs/Dogs/Dog_GermanShepherd_01.prefab using Guid(ef10be7d65aa1904e88a4e6f1175f6c8) Importer(815301076,1909f56bfc062723c751e8b465ee728b)  -> (artifact id: 'bc92e845f12ef795b053b59f32c97419') in 0.024932 seconds
Number of updated asset objects reloaded before import = 0
Number of asset objects unloaded after import = 275
========================================================================
Received Import Request.
  Time since last request: 0.000587 seconds.
  path: Assets/Course Library/Animals/Dogs/Dog_BullDog_01.prefab
  artifactKey: Guid(782ffceb74ed3aa47a2a09261607aeb2) Importer(815301076,1909f56bfc062723c751e8b465ee728b)
Start importing Assets/Course Library/Animals/Dogs/Dog_BullDog_01.prefab using Guid(782ffceb74ed3aa47a2a09261607aeb2) Importer(815301076,1909f56bfc062723c751e8b465ee728b)  -> (artifact id: 'e88e1bce0ccdef8cb7676fe7798c776f') in 0.024351 seconds
Number of updated asset objects reloaded before import = 0
Number of asset objects unloaded after import = 271
========================================================================
Received Import Request.
  Time since last request: 0.006807 seconds.
  path: Assets/Challenge 2/Prefabs/Dog.prefab
  artifactKey: Guid(3e5fe95e580114a5f8f8348678e77463) Importer(815301076,1909f56bfc062723c751e8b465ee728b)
Start importing Assets/Challenge 2/Prefabs/Dog.prefab using Guid(3e5fe95e580114a5f8f8348678e77463) Importer(815301076,1909f56bfc062723c751e8b465ee728b)  -> (artifact id: '6025b8785dbac39c7541254e3792e1d1') in 0.024779 seconds
Number of updated asset objects reloaded before import = 0
Number of asset objects unloaded after import = 274
========================================================================
Received Import Request.
  Time since last request: 0.004236 seconds.
  path: Assets/Scripts/MoveForward.cs
  artifactKey: Guid(4424de98b48d81749af1b87a9354a5bd) Importer(815301076,1909f56bfc062723c751e8b465ee728b)
Start importing Assets/Scripts/MoveForward.cs using Guid(4424de98b48d81749af1b87a9354a5bd) Importer(815301076,1909f56bfc062723c751e8b465ee728b)  -> (artifact id: '4584d313ee46ecd3066919e2144893f8') in 0.000799 seconds
Number of updated asset objects reloaded before import = 0
Number of asset objects unloaded after import = 0
========================================================================
Received Import Request.
  Time since last request: 0.025006 seconds.
  path: Assets/Course Library/_Source_Files/Materials
  artifactKey: Guid(cae1eba99baa74f6798681ead2575395) Importer(815301076,1909f56bfc062723c751e8b465ee728b)
Start importing Assets/Course Library/_Source_Files/Materials using Guid(cae1eba99baa74f6798681ead2575395) Importer(815301076,1909f56bfc062723c751e8b465ee728b)  -> (artifact id: 'c3791d98b77342b77a738c165f577dfd') in 0.000604 seconds
Number of updated asset objects reloaded before import = 0
Number of asset objects unloaded after import = 0
========================================================================
Received Import Request.
  Time since last request: 0.007356 seconds.
  path: Assets/Course Library
  artifactKey: Guid(25578b6797e2e45dd96589e9fc43c077) Importer(815301076,1909f56bfc062723c751e8b465ee728b)
Start importing Assets/Course Library using Guid(25578b6797e2e45dd96589e9fc43c077) Importer(815301076,1909f56bfc062723c751e8b465ee728b)  -> (artifact id: '333427f656d50fd451eab33d0fa7a1cb') in 0.000367 seconds
Number of updated asset objects reloaded before import = 0
Number of asset objects unloaded after import = 0
========================================================================
Received Import Request.
  Time since last request: 0.014497 seconds.
  path: Assets/Scenes
  artifactKey: Guid(75c35618d2bb5464d8874fde07384595) Importer(815301076,1909f56bfc062723c751e8b465ee728b)
Start importing Assets/Scenes using Guid(75c35618d2bb5464d8874fde07384595) Importer(815301076,1909f56bfc062723c751e8b465ee728b)  -> (artifact id: 'e4e9d5a7bf4b075ab5d28c77c6ecb083') in 0.000505 seconds
Number of updated asset objects reloaded before import = 0
Number of asset objects unloaded after import = 0
========================================================================
Received Import Request.
  Time since last request: 0.001829 seconds.
  path: Assets/Challenge 2/Prefabs/Ball 2.prefab
  artifactKey: Guid(a325bcb65fd94414191d0ddc2514e2dc) Importer(815301076,1909f56bfc062723c751e8b465ee728b)
Start importing Assets/Challenge 2/Prefabs/Ball 2.prefab using Guid(a325bcb65fd94414191d0ddc2514e2dc) Importer(815301076,1909f56bfc062723c751e8b465ee728b)  -> (artifact id: '267be657d16109abf4a7bc7bba96067b') in 0.009829 seconds
Number of updated asset objects reloaded before import = 0
Number of asset objects unloaded after import = 12
========================================================================
Received Import Request.
  Time since last request: 0.019285 seconds.
  path: Assets/Course Library/Animals/Dogs/Dog_RhodesianRidgeback_01.prefab
  artifactKey: Guid(957efc93c4488964582c89c0bf939bf0) Importer(815301076,1909f56bfc062723c751e8b465ee728b)
Start importing Assets/Course Library/Animals/Dogs/Dog_RhodesianRidgeback_01.prefab using Guid(957efc93c4488964582c89c0bf939bf0) Importer(815301076,1909f56bfc062723c751e8b465ee728b)  -> (artifact id: '07b125207528a44b10265c556bcb0810') in 0.024811 seconds
Number of updated asset objects reloaded before import = 0
Number of asset objects unloaded after import = 271
========================================================================
Received Import Request.
  Time since last request: 0.000283 seconds.
  path: Assets/Scripts/DetectCollisions.cs
  artifactKey: Guid(1bad0b1f5d6942d42b17fddefd6f5d70) Importer(815301076,1909f56bfc062723c751e8b465ee728b)
Start importing Assets/Scripts/DetectCollisions.cs using Guid(1bad0b1f5d6942d42b17fddefd6f5d70) Importer(815301076,1909f56bfc062723c751e8b465ee728b)  -> (artifact id: '62b3572d7ceb315b2dd8c59a01453ea9') in 0.000728 seconds
Number of updated asset objects reloaded before import = 0
Number of asset objects unloaded after import = 0
========================================================================
Received Import Request.
  Time since last request: 0.019062 seconds.
  path: Assets/Prefabs/Dogs/Dog_BorderCollie_01.prefab
  artifactKey: Guid(943f2513cd72bf440a3dafc3c109ea45) Importer(815301076,1909f56bfc062723c751e8b465ee728b)
Start importing Assets/Prefabs/Dogs/Dog_BorderCollie_01.prefab using Guid(943f2513cd72bf440a3dafc3c109ea45) Importer(815301076,1909f56bfc062723c751e8b465ee728b)  -> (artifact id: '9f2549c270b54e13611290a326749edc') in 0.026131 seconds
Number of updated asset objects reloaded before import = 0
Number of asset objects unloaded after import = 275
========================================================================
Received Import Request.
  Time since last request: 0.005583 seconds.
  path: Assets/Course Library/_Source_Files/FBX/Materials
  artifactKey: Guid(ecc3fc0bfc7684d459d473bf5fa5b131) Importer(815301076,1909f56bfc062723c751e8b465ee728b)
Start importing Assets/Course Library/_Source_Files/FBX/Materials using Guid(ecc3fc0bfc7684d459d473bf5fa5b131) Importer(815301076,1909f56bfc062723c751e8b465ee728b)  -> (artifact id: 'f32b456c3ed5a9cfa08531e981949927') in 0.000781 seconds
Number of updated asset objects reloaded before import = 0
Number of asset objects unloaded after import = 0
========================================================================
Received Import Request.
  Time since last request: 0.032970 seconds.
  path: Assets/Challenge 2/_Source_Files/Materials
  artifactKey: Guid(ac11dcd5cd1864076a46f4bdfc40f6c0) Importer(815301076,1909f56bfc062723c751e8b465ee728b)
Start importing Assets/Challenge 2/_Source_Files/Materials using Guid(ac11dcd5cd1864076a46f4bdfc40f6c0) Importer(815301076,1909f56bfc062723c751e8b465ee728b)  -> (artifact id: '36d32b2a520fcef2cd1373fff2153214') in 0.000504 seconds
Number of updated asset objects reloaded before import = 0
Number of asset objects unloaded after import = 0
========================================================================
Received Import Request.
  Time since last request: 0.012696 seconds.
  path: Assets/Prefabs/Food_Fish_Cooked.prefab
  artifactKey: Guid(18868d82bb9642141b1d2c18cae3a24c) Importer(815301076,1909f56bfc062723c751e8b465ee728b)
Start importing Assets/Prefabs/Food_Fish_Cooked.prefab using Guid(18868d82bb9642141b1d2c18cae3a24c) Importer(815301076,1909f56bfc062723c751e8b465ee728b)  -> (artifact id: '5a047cc23c98e11a050eb836d6e9a864') in 0.012146 seconds
Number of updated asset objects reloaded before import = 0
Number of asset objects unloaded after import = 14
========================================================================
Received Import Request.
  Time since last request: 0.045314 seconds.
  path: Assets/Challenge 2/Instructions
  artifactKey: Guid(7575daa42306f461f94626c07d6258a5) Importer(815301076,1909f56bfc062723c751e8b465ee728b)
Start importing Assets/Challenge 2/Instructions using Guid(7575daa42306f461f94626c07d6258a5) Importer(815301076,1909f56bfc062723c751e8b465ee728b)  -> (artifact id: 'af04fb3b252cca8aed13b51e16cfaa79') in 0.000647 seconds
Number of updated asset objects reloaded before import = 0
Number of asset objects unloaded after import = 0
========================================================================
Received Import Request.
  Time since last request: 0.015006 seconds.
  path: Assets/Course Library/_Source_Files/Materials/SimpleDogs.mat
  artifactKey: Guid(5a3559dc71a3dee46a71f5627f48bb36) Importer(815301076,1909f56bfc062723c751e8b465ee728b)
Start importing Assets/Course Library/_Source_Files/Materials/SimpleDogs.mat using Guid(5a3559dc71a3dee46a71f5627f48bb36) Importer(815301076,1909f56bfc062723c751e8b465ee728b)  -> (artifact id: '5531be1fb04bd50f23cb7f6cce9a65ff') in 0.012226 seconds
Number of updated asset objects reloaded before import = 0
Number of asset objects unloaded after import = 2
========================================================================
Received Import Request.
  Time since last request: 0.001566 seconds.
  path: Assets/Challenge 2
  artifactKey: Guid(ecf58582f8baa43b7ab7aa8933b6ee5f) Importer(815301076,1909f56bfc062723c751e8b465ee728b)
Start importing Assets/Challenge 2 using Guid(ecf58582f8baa43b7ab7aa8933b6ee5f) Importer(815301076,1909f56bfc062723c751e8b465ee728b)  -> (artifact id: 'a0acabb90e1352986e0fcf05730707bb') in 0.000498 seconds
Number of updated asset objects reloaded before import = 0
Number of asset objects unloaded after import = 0
========================================================================
Received Import Request.
  Time since last request: 0.036778 seconds.
  path: Assets/Challenge 2/Scripts/DetectCollisionsX.cs
  artifactKey: Guid(22f880a64e2c84b0a8be42be264f9bad) Importer(815301076,1909f56bfc062723c751e8b465ee728b)
Start importing Assets/Challenge 2/Scripts/DetectCollisionsX.cs using Guid(22f880a64e2c84b0a8be42be264f9bad) Importer(815301076,1909f56bfc062723c751e8b465ee728b)  -> (artifact id: 'e6fafae46a0bc6b3888a5fecc6801cbe') in 0.000662 seconds
Number of updated asset objects reloaded before import = 0
Number of asset objects unloaded after import = 0
========================================================================
Received Import Request.
  Time since last request: 0.001207 seconds.
  path: Assets/Course Library/Animals/Forest
  artifactKey: Guid(305561f73a33c4b6c8ed58fdafd88cdf) Importer(815301076,1909f56bfc062723c751e8b465ee728b)
Start importing Assets/Course Library/Animals/Forest using Guid(305561f73a33c4b6c8ed58fdafd88cdf) Importer(815301076,1909f56bfc062723c751e8b465ee728b)  -> (artifact id: '04bc9d6d05c9c56ee667af8216ed1fc9') in 0.000374 seconds
Number of updated asset objects reloaded before import = 0
Number of asset objects unloaded after import = 0
========================================================================
Received Import Request.
  Time since last request: 0.001766 seconds.
  path: Assets/Challenge 2/Scripts/MoveForwardX.cs
  artifactKey: Guid(aba24ec01e08d4e8596c800afced39e3) Importer(815301076,1909f56bfc062723c751e8b465ee728b)
Start importing Assets/Challenge 2/Scripts/MoveForwardX.cs using Guid(aba24ec01e08d4e8596c800afced39e3) Importer(815301076,1909f56bfc062723c751e8b465ee728b)  -> (artifact id: '25b62b8a6d07bbe129d382f27859518a') in 0.000342 seconds
Number of updated asset objects reloaded before import = 0
Number of asset objects unloaded after import = 0
========================================================================
Received Import Request.
  Time since last request: 0.013364 seconds.
  path: Assets/Course Library/Animals/Dogs
  artifactKey: Guid(33a2a8fa00602495fa738ee8930568a2) Importer(815301076,1909f56bfc062723c751e8b465ee728b)
Start importing Assets/Course Library/Animals/Dogs using Guid(33a2a8fa00602495fa738ee8930568a2) Importer(815301076,1909f56bfc062723c751e8b465ee728b)  -> (artifact id: 'ceab2e09a2e58506bdb4bcc279d2e272') in 0.000460 seconds
Number of updated asset objects reloaded before import = 0
Number of asset objects unloaded after import = 0
========================================================================
Received Import Request.
  Time since last request: 0.001932 seconds.
  path: Assets/Prefabs/Dogs/Dog_RhodesianRidgeback_01.prefab
  artifactKey: Guid(0f96a1f5f76ff2e4588f2308b5b12eb5) Importer(815301076,1909f56bfc062723c751e8b465ee728b)
Start importing Assets/Prefabs/Dogs/Dog_RhodesianRidgeback_01.prefab using Guid(0f96a1f5f76ff2e4588f2308b5b12eb5) Importer(815301076,1909f56bfc062723c751e8b465ee728b)  -> (artifact id: 'c25333b2d8382df35e40b2f5e8651dd8') in 0.026596 seconds
Number of updated asset objects reloaded before import = 0
Number of asset objects unloaded after import = 275
========================================================================
Received Import Request.
  Time since last request: 0.000142 seconds.
  path: Assets/Course Library/_Source_Files/Misc/SA_Animal_CowBull.controller
  artifactKey: Guid(d044bcc821b15eb40b3df145373ba26d) Importer(815301076,1909f56bfc062723c751e8b465ee728b)
Start importing Assets/Course Library/_Source_Files/Misc/SA_Animal_CowBull.controller using Guid(d044bcc821b15eb40b3df145373ba26d) Importer(815301076,1909f56bfc062723c751e8b465ee728b)  -> (artifact id: 'be799ab125189fda2576ac3c6243e617') in 0.004439 seconds
Number of updated asset objects reloaded before import = 0
Number of asset objects unloaded after import = 11
========================================================================
Received Import Request.
  Time since last request: 0.018847 seconds.
  path: Assets/Course Library/_Source_Files/Misc/SFA_Animal_Deer.controller
  artifactKey: Guid(76f55cbd3070de9459d9f9978299228c) Importer(815301076,1909f56bfc062723c751e8b465ee728b)
Start importing Assets/Course Library/_Source_Files/Misc/SFA_Animal_Deer.controller using Guid(76f55cbd3070de9459d9f9978299228c) Importer(815301076,1909f56bfc062723c751e8b465ee728b)  -> (artifact id: '8511f9b526cdb4a84e74efa3175533c0') in 0.004708 seconds
Number of updated asset objects reloaded before import = 0
Number of asset objects unloaded after import = 11
========================================================================
Received Import Request.
  Time since last request: 0.005653 seconds.
  path: Assets/Course Library/_Source_Files/Misc/SA_Animal_Birds.controller
  artifactKey: Guid(89ce2bbff124d224986dcf79ae85990c) Importer(815301076,1909f56bfc062723c751e8b465ee728b)
Start importing Assets/Course Library/_Source_Files/Misc/SA_Animal_Birds.controller using Guid(89ce2bbff124d224986dcf79ae85990c) Importer(815301076,1909f56bfc062723c751e8b465ee728b)  -> (artifact id: '29cb4d0eee4348dcbaef6106aded7166') in 0.003513 seconds
Number of updated asset objects reloaded before import = 0
Number of asset objects unloaded after import = 11
========================================================================
Received Prepare
Begin MonoManager ReloadAssembly
- Loaded All Assemblies, in  0.448 seconds
Refreshing native plugins compatible for Editor in 2.03 ms, found 3 plugins.
Native extension for WindowsStandalone target not found
Native extension for iOS target not found
Native extension for OSXStandalone target not found
Native extension for WebGL target not found
[Package Manager] Server::EnsureServerProcessIsRunning -- launch failed, reason: Unity was launched with the -noUpm command-line argument
[Package Manager] UpmClient::Send -- Unable to send message (not connected to UPM process).
[Package Manager] Cannot connect to Unity Package Manager local server
Mono: successfully reloaded assembly
- Finished resetting the current domain, in  0.861 seconds
Domain Reload Profiling: 1306ms
	BeginReloadAssembly (149ms)
		ExecutionOrderSort (0ms)
		DisableScriptedObjects (4ms)
		BackupInstance (0ms)
		ReleaseScriptingObjects (0ms)
		CreateAndSetChildDomain (36ms)
	RebuildCommonClasses (31ms)
	RebuildNativeTypeToScriptingClass (11ms)
	initialDomainReloadingComplete (28ms)
	LoadAllAssembliesAndSetupDomain (227ms)
		LoadAssemblies (286ms)
		RebuildTransferFunctionScriptingTraits (0ms)
		AnalyzeDomain (20ms)
			TypeCache.Refresh (8ms)
				TypeCache.ScanAssembly (0ms)
			ScanForSourceGeneratedMonoScriptInfo (6ms)
			ResolveRequiredComponents (4ms)
	FinalizeReload (861ms)
		ReleaseScriptCaches (0ms)
		RebuildScriptCaches (0ms)
		SetupLoadedEditorAssemblies (459ms)
			LogAssemblyErrors (0ms)
			InitializePlatformSupportModulesInManaged (26ms)
			SetLoadedEditorAssemblies (5ms)
			RefreshPlugins (0ms)
			BeforeProcessingInitializeOnLoad (96ms)
			ProcessInitializeOnLoadAttributes (306ms)
			ProcessInitializeOnLoadMethodAttributes (17ms)
			AfterProcessingInitializeOnLoad (9ms)
			EditorAssembliesLoaded (0ms)
		ExecutionOrderSort2 (0ms)
		AwakeInstancesAfterBackupRestoration (6ms)
Refreshing native plugins compatible for Editor in 1.74 ms, found 3 plugins.
Preloading 0 native plugins for Editor in 0.00 ms.
Unloading 3081 Unused Serialized files (Serialized files now loaded: 0)
Unloading 26 unused Assets / (32.6 KB). Loaded Objects now: 3597.
Memory consumption went from 129.9 MB to 129.8 MB.
Total: 3.003300 ms (FindLiveObjects: 0.345600 ms CreateObjectMapping: 0.098500 ms MarkObjects: 2.498000 ms  DeleteObjects: 0.059900 ms)

Prepare: number of updated asset objects reloaded= 0
AssetImportParameters requested are different than current active one (requested -> active):
  custom:container-demuxer-ogg: 62fdf1f143b41e24485cea50d1cbac27 -> 
  custom:video-decoder-ogg-theora: a1e56fd34408186e4bbccfd4996cb3dc -> 
  custom:framework-win-MediaFoundation: 216162199b28c13a410421893ffa2e32 -> 
  custom:CustomObjectIndexerAttribute: 756ad292c208cfabdd7b50bc23989ffe -> 
  custom:container-demuxer-webm: 4f35f7cbe854078d1ac9338744f61a02 -> 
  custom:container-muxer-webm: aa71ff27fc2769a1b78a27578f13a17b -> 
  custom:video-decoder-webm-vp8: 9c59270c3fd7afecdb556c50c9e8de78 -> 
  custom:SearchIndexIgnoredProperties: e643bd26f0fe6173181afceb89e7c659 -> 
  custom:AudioImporter_EditorPlatform: d09bf68614088b80899f8185d706f6e7 -> 
  custom:video-encoder-webm-vp8: eb34c28f22e8b96e1ab97ce403110664 -> 
  custom:audio-decoder-ogg-vorbis: bf7c407c2cedff20999df2af8eb42d56 -> 
  custom:audio-encoder-webm-vorbis: bf7c407c2cedff20999df2af8eb42d56 -> 
========================================================================
Received Prepare
Begin MonoManager ReloadAssembly
- Loaded All Assemblies, in  0.428 seconds
Refreshing native plugins compatible for Editor in 2.14 ms, found 3 plugins.
Native extension for WindowsStandalone target not found
Native extension for iOS target not found
Native extension for OSXStandalone target not found
Native extension for WebGL target not found
[Package Manager] Server::EnsureServerProcessIsRunning -- launch failed, reason: Unity was launched with the -noUpm command-line argument
[Package Manager] UpmClient::Send -- Unable to send message (not connected to UPM process).
[Package Manager] Cannot connect to Unity Package Manager local server
Mono: successfully reloaded assembly
- Finished resetting the current domain, in  0.874 seconds
Domain Reload Profiling: 1301ms
	BeginReloadAssembly (145ms)
		ExecutionOrderSort (0ms)
		DisableScriptedObjects (5ms)
		BackupInstance (0ms)
		ReleaseScriptingObjects (0ms)
		CreateAndSetChildDomain (33ms)
	RebuildCommonClasses (31ms)
	RebuildNativeTypeToScriptingClass (11ms)
	initialDomainReloadingComplete (26ms)
	LoadAllAssembliesAndSetupDomain (213ms)
		LoadAssemblies (270ms)
		RebuildTransferFunctionScriptingTraits (0ms)
		AnalyzeDomain (20ms)
			TypeCache.Refresh (9ms)
				TypeCache.ScanAssembly (0ms)
			ScanForSourceGeneratedMonoScriptInfo (6ms)
			ResolveRequiredComponents (4ms)
	FinalizeReload (875ms)
		ReleaseScriptCaches (0ms)
		RebuildScriptCaches (0ms)
		SetupLoadedEditorAssemblies (480ms)
			LogAssemblyErrors (0ms)
			InitializePlatformSupportModulesInManaged (35ms)
			SetLoadedEditorAssemblies (6ms)
			RefreshPlugins (0ms)
			BeforeProcessingInitializeOnLoad (109ms)
			ProcessInitializeOnLoadAttributes (304ms)
			ProcessInitializeOnLoadMethodAttributes (17ms)
			AfterProcessingInitializeOnLoad (9ms)
			EditorAssembliesLoaded (0ms)
		ExecutionOrderSort2 (0ms)
		AwakeInstancesAfterBackupRestoration (7ms)
Refreshing native plugins compatible for Editor in 2.51 ms, found 3 plugins.
Preloading 0 native plugins for Editor in 0.00 ms.
Unloading 3086 Unused Serialized files (Serialized files now loaded: 0)
Unloading 23 unused Assets / (31.0 KB). Loaded Objects now: 3604.
Memory consumption went from 132.1 MB to 132.1 MB.
Total: 2.757400 ms (FindLiveObjects: 0.260300 ms CreateObjectMapping: 0.082500 ms MarkObjects: 2.364200 ms  DeleteObjects: 0.049000 ms)

Prepare: number of updated asset objects reloaded= 0
AssetImportParameters requested are different than current active one (requested -> active):
  custom:container-demuxer-ogg: 62fdf1f143b41e24485cea50d1cbac27 -> 
  custom:video-decoder-ogg-theora: a1e56fd34408186e4bbccfd4996cb3dc -> 
  custom:framework-win-MediaFoundation: 216162199b28c13a410421893ffa2e32 -> 
  custom:CustomObjectIndexerAttribute: 756ad292c208cfabdd7b50bc23989ffe -> 
  custom:container-demuxer-webm: 4f35f7cbe854078d1ac9338744f61a02 -> 
  custom:container-muxer-webm: aa71ff27fc2769a1b78a27578f13a17b -> 
  custom:video-decoder-webm-vp8: 9c59270c3fd7afecdb556c50c9e8de78 -> 
  custom:SearchIndexIgnoredProperties: e643bd26f0fe6173181afceb89e7c659 -> 
  custom:AudioImporter_EditorPlatform: d09bf68614088b80899f8185d706f6e7 -> 
  custom:video-encoder-webm-vp8: eb34c28f22e8b96e1ab97ce403110664 -> 
  custom:audio-decoder-ogg-vorbis: bf7c407c2cedff20999df2af8eb42d56 -> 
  custom:audio-encoder-webm-vorbis: bf7c407c2cedff20999df2af8eb42d56 -> 
========================================================================
Received Import Request.
  Time since last request: 501.273617 seconds.
  path: Assets/Challenge 2/Prefabs/Ball 1.prefab
  artifactKey: Guid(1d143480adadf43389395930eee2b5cf) Importer(815301076,1909f56bfc062723c751e8b465ee728b)
Start importing Assets/Challenge 2/Prefabs/Ball 1.prefab using Guid(1d143480adadf43389395930eee2b5cf) Importer(815301076,1909f56bfc062723c751e8b465ee728b)  -> (artifact id: '2da0decaff9eeb391041c0d075226811') in 0.072907 seconds
Number of updated asset objects reloaded before import = 0
Number of asset objects unloaded after import = 12
========================================================================
Received Import Request.
  Time since last request: 0.000014 seconds.
  path: Assets/Challenge 2/Prefabs/Dog.prefab
  artifactKey: Guid(3e5fe95e580114a5f8f8348678e77463) Importer(815301076,1909f56bfc062723c751e8b465ee728b)
Start importing Assets/Challenge 2/Prefabs/Dog.prefab using Guid(3e5fe95e580114a5f8f8348678e77463) Importer(815301076,1909f56bfc062723c751e8b465ee728b)  -> (artifact id: '08c66623c3dafdcbf74f3303dce463ac') in 0.044878 seconds
Number of updated asset objects reloaded before import = 0
Number of asset objects unloaded after import = 274
========================================================================
Received Import Request.
  Time since last request: 48.600600 seconds.
  path: Assets/Prefabs/Food_Fish_Cooked.prefab
  artifactKey: Guid(18868d82bb9642141b1d2c18cae3a24c) Importer(815301076,1909f56bfc062723c751e8b465ee728b)
Start importing Assets/Prefabs/Food_Fish_Cooked.prefab using Guid(18868d82bb9642141b1d2c18cae3a24c) Importer(815301076,1909f56bfc062723c751e8b465ee728b)  -> (artifact id: 'ee3852ebf1f677f2767e82625e7e18d3') in 0.007879 seconds
Number of updated asset objects reloaded before import = 0
Number of asset objects unloaded after import = 14
========================================================================
Received Prepare
Begin MonoManager ReloadAssembly
- Loaded All Assemblies, in  0.431 seconds
Refreshing native plugins compatible for Editor in 1.76 ms, found 3 plugins.
Native extension for WindowsStandalone target not found
Native extension for iOS target not found
Native extension for OSXStandalone target not found
Native extension for WebGL target not found
[Package Manager] Server::EnsureServerProcessIsRunning -- launch failed, reason: Unity was launched with the -noUpm command-line argument
[Package Manager] UpmClient::Send -- Unable to send message (not connected to UPM process).
[Package Manager] Cannot connect to Unity Package Manager local server
Mono: successfully reloaded assembly
- Finished resetting the current domain, in  0.812 seconds
Domain Reload Profiling: 1240ms
	BeginReloadAssembly (145ms)
		ExecutionOrderSort (0ms)
		DisableScriptedObjects (4ms)
		BackupInstance (0ms)
		ReleaseScriptingObjects (0ms)
		CreateAndSetChildDomain (35ms)
	RebuildCommonClasses (32ms)
	RebuildNativeTypeToScriptingClass (11ms)
	initialDomainReloadingComplete (28ms)
	LoadAllAssembliesAndSetupDomain (212ms)
		LoadAssemblies (271ms)
		RebuildTransferFunctionScriptingTraits (0ms)
		AnalyzeDomain (19ms)
			TypeCache.Refresh (7ms)
				TypeCache.ScanAssembly (0ms)
			ScanForSourceGeneratedMonoScriptInfo (6ms)
			ResolveRequiredComponents (4ms)
	FinalizeReload (812ms)
		ReleaseScriptCaches (0ms)
		RebuildScriptCaches (0ms)
		SetupLoadedEditorAssemblies (466ms)
			LogAssemblyErrors (0ms)
			InitializePlatformSupportModulesInManaged (26ms)
			SetLoadedEditorAssemblies (5ms)
			RefreshPlugins (0ms)
			BeforeProcessingInitializeOnLoad (100ms)
			ProcessInitializeOnLoadAttributes (309ms)
			ProcessInitializeOnLoadMethodAttributes (18ms)
			AfterProcessingInitializeOnLoad (7ms)
			EditorAssembliesLoaded (0ms)
		ExecutionOrderSort2 (0ms)
		AwakeInstancesAfterBackupRestoration (5ms)
Refreshing native plugins compatible for Editor in 1.69 ms, found 3 plugins.
Preloading 0 native plugins for Editor in 0.00 ms.
Unloading 3085 Unused Serialized files (Serialized files now loaded: 0)
Unloading 26 unused Assets / (32.6 KB). Loaded Objects now: 3607.
Memory consumption went from 133.8 MB to 133.8 MB.
Total: 2.985500 ms (FindLiveObjects: 0.336100 ms CreateObjectMapping: 0.086100 ms MarkObjects: 2.503500 ms  DeleteObjects: 0.058400 ms)

Prepare: number of updated asset objects reloaded= 0
AssetImportParameters requested are different than current active one (requested -> active):
  custom:container-demuxer-ogg: 62fdf1f143b41e24485cea50d1cbac27 -> 
  custom:video-decoder-ogg-theora: a1e56fd34408186e4bbccfd4996cb3dc -> 
  custom:framework-win-MediaFoundation: 216162199b28c13a410421893ffa2e32 -> 
  custom:CustomObjectIndexerAttribute: 756ad292c208cfabdd7b50bc23989ffe -> 
  custom:container-demuxer-webm: 4f35f7cbe854078d1ac9338744f61a02 -> 
  custom:container-muxer-webm: aa71ff27fc2769a1b78a27578f13a17b -> 
  custom:video-decoder-webm-vp8: 9c59270c3fd7afecdb556c50c9e8de78 -> 
  custom:SearchIndexIgnoredProperties: e643bd26f0fe6173181afceb89e7c659 -> 
  custom:AudioImporter_EditorPlatform: d09bf68614088b80899f8185d706f6e7 -> 
  custom:video-encoder-webm-vp8: eb34c28f22e8b96e1ab97ce403110664 -> 
  custom:audio-decoder-ogg-vorbis: bf7c407c2cedff20999df2af8eb42d56 -> 
  custom:audio-encoder-webm-vorbis: bf7c407c2cedff20999df2af8eb42d56 -> 
========================================================================
Received Import Request.
  Time since last request: 120.643527 seconds.
  path: Assets/Prefabs/Food_Fish_Cooked.prefab
  artifactKey: Guid(18868d82bb9642141b1d2c18cae3a24c) Importer(815301076,1909f56bfc062723c751e8b465ee728b)
Start importing Assets/Prefabs/Food_Fish_Cooked.prefab using Guid(18868d82bb9642141b1d2c18cae3a24c) Importer(815301076,1909f56bfc062723c751e8b465ee728b)  -> (artifact id: '2154a42561cd2df8ec44a89ec37c5154') in 0.066631 seconds
Number of updated asset objects reloaded before import = 0
Number of asset objects unloaded after import = 14
========================================================================
Received Import Request.
  Time since last request: 4.604566 seconds.
  path: Assets/Scripts/DetectCollisions.cs
  artifactKey: Guid(1bad0b1f5d6942d42b17fddefd6f5d70) Importer(815301076,1909f56bfc062723c751e8b465ee728b)
Start importing Assets/Scripts/DetectCollisions.cs using Guid(1bad0b1f5d6942d42b17fddefd6f5d70) Importer(815301076,1909f56bfc062723c751e8b465ee728b)  -> (artifact id: '36717e5afb94007e96b0c9b7ef0d917c') in 0.000706 seconds
Number of updated asset objects reloaded before import = 0
Number of asset objects unloaded after import = 0
========================================================================
Received Prepare
Begin MonoManager ReloadAssembly
- Loaded All Assemblies, in  0.440 seconds
Refreshing native plugins compatible for Editor in 1.95 ms, found 3 plugins.
Native extension for WindowsStandalone target not found
Native extension for iOS target not found
Native extension for OSXStandalone target not found
Native extension for WebGL target not found
[Package Manager] Server::EnsureServerProcessIsRunning -- launch failed, reason: Unity was launched with the -noUpm command-line argument
[Package Manager] UpmClient::Send -- Unable to send message (not connected to UPM process).
[Package Manager] Cannot connect to Unity Package Manager local server
Mono: successfully reloaded assembly
- Finished resetting the current domain, in  0.872 seconds
Domain Reload Profiling: 1309ms
	BeginReloadAssembly (145ms)
		ExecutionOrderSort (0ms)
		DisableScriptedObjects (5ms)
		BackupInstance (0ms)
		ReleaseScriptingObjects (0ms)
		CreateAndSetChildDomain (34ms)
	RebuildCommonClasses (30ms)
	RebuildNativeTypeToScriptingClass (11ms)
	initialDomainReloadingComplete (29ms)
	LoadAllAssembliesAndSetupDomain (221ms)
		LoadAssemblies (279ms)
		RebuildTransferFunctionScriptingTraits (0ms)
		AnalyzeDomain (21ms)
			TypeCache.Refresh (9ms)
				TypeCache.ScanAssembly (0ms)
			ScanForSourceGeneratedMonoScriptInfo (6ms)
			ResolveRequiredComponents (4ms)
	FinalizeReload (873ms)
		ReleaseScriptCaches (0ms)
		RebuildScriptCaches (0ms)
		SetupLoadedEditorAssemblies (460ms)
			LogAssemblyErrors (0ms)
			InitializePlatformSupportModulesInManaged (26ms)
			SetLoadedEditorAssemblies (5ms)
			RefreshPlugins (0ms)
			BeforeProcessingInitializeOnLoad (96ms)
			ProcessInitializeOnLoadAttributes (307ms)
			ProcessInitializeOnLoadMethodAttributes (17ms)
			AfterProcessingInitializeOnLoad (9ms)
			EditorAssembliesLoaded (0ms)
		ExecutionOrderSort2 (0ms)
		AwakeInstancesAfterBackupRestoration (6ms)
Refreshing native plugins compatible for Editor in 1.70 ms, found 3 plugins.
Preloading 0 native plugins for Editor in 0.00 ms.
Unloading 3082 Unused Serialized files (Serialized files now loaded: 0)
Unloading 26 unused Assets / (32.6 KB). Loaded Objects now: 3607.
Memory consumption went from 135.7 MB to 135.7 MB.
Total: 2.831800 ms (FindLiveObjects: 0.322200 ms CreateObjectMapping: 0.083600 ms MarkObjects: 2.370500 ms  DeleteObjects: 0.054700 ms)

Prepare: number of updated asset objects reloaded= 0
AssetImportParameters requested are different than current active one (requested -> active):
  custom:container-demuxer-ogg: 62fdf1f143b41e24485cea50d1cbac27 -> 
  custom:video-decoder-ogg-theora: a1e56fd34408186e4bbccfd4996cb3dc -> 
  custom:framework-win-MediaFoundation: 216162199b28c13a410421893ffa2e32 -> 
  custom:CustomObjectIndexerAttribute: 756ad292c208cfabdd7b50bc23989ffe -> 
  custom:container-demuxer-webm: 4f35f7cbe854078d1ac9338744f61a02 -> 
  custom:container-muxer-webm: aa71ff27fc2769a1b78a27578f13a17b -> 
  custom:video-decoder-webm-vp8: 9c59270c3fd7afecdb556c50c9e8de78 -> 
  custom:SearchIndexIgnoredProperties: e643bd26f0fe6173181afceb89e7c659 -> 
  custom:AudioImporter_EditorPlatform: d09bf68614088b80899f8185d706f6e7 -> 
  custom:video-encoder-webm-vp8: eb34c28f22e8b96e1ab97ce403110664 -> 
  custom:audio-decoder-ogg-vorbis: bf7c407c2cedff20999df2af8eb42d56 -> 
  custom:audio-encoder-webm-vorbis: bf7c407c2cedff20999df2af8eb42d56 -> 
========================================================================
Received Import Request.
  Time since last request: 20.134501 seconds.
  path: Assets/Scripts/ObjectPooler.cs
  artifactKey: Guid(45c0e1f24e2ce4a5b9bf1f3a7499cd45) Importer(815301076,1909f56bfc062723c751e8b465ee728b)
Start importing Assets/Scripts/ObjectPooler.cs using Guid(45c0e1f24e2ce4a5b9bf1f3a7499cd45) Importer(815301076,1909f56bfc062723c751e8b465ee728b)  -> (artifact id: '921971eb2db8b7adf5dc29597b653b31') in 0.002080 seconds
Number of updated asset objects reloaded before import = 0
Number of asset objects unloaded after import = 0
========================================================================
Received Prepare
Begin MonoManager ReloadAssembly
- Loaded All Assemblies, in  0.448 seconds
Refreshing native plugins compatible for Editor in 1.99 ms, found 3 plugins.
Native extension for WindowsStandalone target not found
Native extension for iOS target not found
Native extension for OSXStandalone target not found
Native extension for WebGL target not found
[Package Manager] Server::EnsureServerProcessIsRunning -- launch failed, reason: Unity was launched with the -noUpm command-line argument
[Package Manager] UpmClient::Send -- Unable to send message (not connected to UPM process).
[Package Manager] Cannot connect to Unity Package Manager local server
Mono: successfully reloaded assembly
- Finished resetting the current domain, in  0.854 seconds
Domain Reload Profiling: 1299ms
	BeginReloadAssembly (146ms)
		ExecutionOrderSort (0ms)
		DisableScriptedObjects (5ms)
		BackupInstance (0ms)
		ReleaseScriptingObjects (0ms)
		CreateAndSetChildDomain (34ms)
	RebuildCommonClasses (30ms)
	RebuildNativeTypeToScriptingClass (11ms)
	initialDomainReloadingComplete (29ms)
	LoadAllAssembliesAndSetupDomain (228ms)
		LoadAssemblies (285ms)
		RebuildTransferFunctionScriptingTraits (0ms)
		AnalyzeDomain (22ms)
			TypeCache.Refresh (9ms)
				TypeCache.ScanAssembly (0ms)
			ScanForSourceGeneratedMonoScriptInfo (7ms)
			ResolveRequiredComponents (5ms)
	FinalizeReload (855ms)
		ReleaseScriptCaches (0ms)
		RebuildScriptCaches (0ms)
		SetupLoadedEditorAssemblies (466ms)
			LogAssemblyErrors (0ms)
			InitializePlatformSupportModulesInManaged (27ms)
			SetLoadedEditorAssemblies (5ms)
			RefreshPlugins (0ms)
			BeforeProcessingInitializeOnLoad (98ms)
			ProcessInitializeOnLoadAttributes (309ms)
			ProcessInitializeOnLoadMethodAttributes (19ms)
			AfterProcessingInitializeOnLoad (7ms)
			EditorAssembliesLoaded (0ms)
		ExecutionOrderSort2 (0ms)
		AwakeInstancesAfterBackupRestoration (6ms)
Refreshing native plugins compatible for Editor in 1.83 ms, found 3 plugins.
Preloading 0 native plugins for Editor in 0.00 ms.
Unloading 3081 Unused Serialized files (Serialized files now loaded: 0)
Unloading 24 unused Assets / (31.5 KB). Loaded Objects now: 3609.
Memory consumption went from 137.6 MB to 137.6 MB.
Total: 3.182500 ms (FindLiveObjects: 0.338700 ms CreateObjectMapping: 0.094700 ms MarkObjects: 2.682300 ms  DeleteObjects: 0.065600 ms)

Prepare: number of updated asset objects reloaded= 0
AssetImportParameters requested are different than current active one (requested -> active):
  custom:container-demuxer-ogg: 62fdf1f143b41e24485cea50d1cbac27 -> 
  custom:video-decoder-ogg-theora: a1e56fd34408186e4bbccfd4996cb3dc -> 
  custom:framework-win-MediaFoundation: 216162199b28c13a410421893ffa2e32 -> 
  custom:CustomObjectIndexerAttribute: 756ad292c208cfabdd7b50bc23989ffe -> 
  custom:container-demuxer-webm: 4f35f7cbe854078d1ac9338744f61a02 -> 
  custom:container-muxer-webm: aa71ff27fc2769a1b78a27578f13a17b -> 
  custom:video-decoder-webm-vp8: 9c59270c3fd7afecdb556c50c9e8de78 -> 
  custom:SearchIndexIgnoredProperties: e643bd26f0fe6173181afceb89e7c659 -> 
  custom:AudioImporter_EditorPlatform: d09bf68614088b80899f8185d706f6e7 -> 
  custom:video-encoder-webm-vp8: eb34c28f22e8b96e1ab97ce403110664 -> 
  custom:audio-decoder-ogg-vorbis: bf7c407c2cedff20999df2af8eb42d56 -> 
  custom:audio-encoder-webm-vorbis: bf7c407c2cedff20999df2af8eb42d56 -> 
========================================================================
Received Prepare
Begin MonoManager ReloadAssembly
- Loaded All Assemblies, in  0.438 seconds
Refreshing native plugins compatible for Editor in 1.79 ms, found 3 plugins.
Native extension for WindowsStandalone target not found
Native extension for iOS target not found
Native extension for OSXStandalone target not found
Native extension for WebGL target not found
[Package Manager] Server::EnsureServerProcessIsRunning -- launch failed, reason: Unity was launched with the -noUpm command-line argument
[Package Manager] UpmClient::Send -- Unable to send message (not connected to UPM process).
[Package Manager] Cannot connect to Unity Package Manager local server
Mono: successfully reloaded assembly
- Finished resetting the current domain, in  0.863 seconds
Domain Reload Profiling: 1298ms
	BeginReloadAssembly (150ms)
		ExecutionOrderSort (0ms)
		DisableScriptedObjects (5ms)
		BackupInstance (0ms)
		ReleaseScriptingObjects (0ms)
		CreateAndSetChildDomain (33ms)
	RebuildCommonClasses (37ms)
	RebuildNativeTypeToScriptingClass (11ms)
	initialDomainReloadingComplete (27ms)
	LoadAllAssembliesAndSetupDomain (210ms)
		LoadAssemblies (275ms)
		RebuildTransferFunctionScriptingTraits (0ms)
		AnalyzeDomain (19ms)
			TypeCache.Refresh (7ms)
				TypeCache.ScanAssembly (0ms)
			ScanForSourceGeneratedMonoScriptInfo (6ms)
			ResolveRequiredComponents (4ms)
	FinalizeReload (863ms)
		ReleaseScriptCaches (0ms)
		RebuildScriptCaches (0ms)
		SetupLoadedEditorAssemblies (468ms)
			LogAssemblyErrors (0ms)
			InitializePlatformSupportModulesInManaged (31ms)
			SetLoadedEditorAssemblies (7ms)
			RefreshPlugins (0ms)
			BeforeProcessingInitializeOnLoad (108ms)
			ProcessInitializeOnLoadAttributes (297ms)
			ProcessInitializeOnLoadMethodAttributes (17ms)
			AfterProcessingInitializeOnLoad (7ms)
			EditorAssembliesLoaded (0ms)
		ExecutionOrderSort2 (0ms)
		AwakeInstancesAfterBackupRestoration (5ms)
Refreshing native plugins compatible for Editor in 1.98 ms, found 3 plugins.
Preloading 0 native plugins for Editor in 0.00 ms.
Unloading 3086 Unused Serialized files (Serialized files now loaded: 0)
Unloading 23 unused Assets / (31.0 KB). Loaded Objects now: 3616.
Memory consumption went from 139.9 MB to 139.8 MB.
Total: 2.775700 ms (FindLiveObjects: 0.305400 ms CreateObjectMapping: 0.098900 ms MarkObjects: 2.323000 ms  DeleteObjects: 0.047200 ms)

Prepare: number of updated asset objects reloaded= 0
AssetImportParameters requested are different than current active one (requested -> active):
  custom:container-demuxer-ogg: 62fdf1f143b41e24485cea50d1cbac27 -> 
  custom:video-decoder-ogg-theora: a1e56fd34408186e4bbccfd4996cb3dc -> 
  custom:framework-win-MediaFoundation: 216162199b28c13a410421893ffa2e32 -> 
  custom:CustomObjectIndexerAttribute: 756ad292c208cfabdd7b50bc23989ffe -> 
  custom:container-demuxer-webm: 4f35f7cbe854078d1ac9338744f61a02 -> 
  custom:container-muxer-webm: aa71ff27fc2769a1b78a27578f13a17b -> 
  custom:video-decoder-webm-vp8: 9c59270c3fd7afecdb556c50c9e8de78 -> 
  custom:SearchIndexIgnoredProperties: e643bd26f0fe6173181afceb89e7c659 -> 
  custom:AudioImporter_EditorPlatform: d09bf68614088b80899f8185d706f6e7 -> 
  custom:video-encoder-webm-vp8: eb34c28f22e8b96e1ab97ce403110664 -> 
  custom:audio-decoder-ogg-vorbis: bf7c407c2cedff20999df2af8eb42d56 -> 
  custom:audio-encoder-webm-vorbis: bf7c407c2cedff20999df2af8eb42d56 -> 
========================================================================
Received Import Request.
  Time since last request: 45.844963 seconds.
  path: Assets/Prefabs/Player.prefab
  artifactKey: Guid(4f20c4d56d605984f85c35ced180626d) Importer(815301076,1909f56bfc062723c751e8b465ee728b)
Start importing Assets/Prefabs/Player.prefab using Guid(4f20c4d56d605984f85c35ced180626d) Importer(815301076,1909f56bfc062723c751e8b465ee728b)  -> (artifact id: '2be11a282c4f1aecd5037643ad1398a2') in 0.073819 seconds
Number of updated asset objects reloaded before import = 0
Number of asset objects unloaded after import = 228
========================================================================
Received Import Request.
  Time since last request: 2.203426 seconds.
  path: Assets/Prefabs/Player.prefab
  artifactKey: Guid(4f20c4d56d605984f85c35ced180626d) Importer(815301076,1909f56bfc062723c751e8b465ee728b)
Start importing Assets/Prefabs/Player.prefab using Guid(4f20c4d56d605984f85c35ced180626d) Importer(815301076,1909f56bfc062723c751e8b465ee728b)  -> (artifact id: 'cb336432be3035a9b0483d722d4c8d45') in 0.031097 seconds
Number of updated asset objects reloaded before import = 0
Number of asset objects unloaded after import = 241
========================================================================
Received Import Request.
  Time since last request: 10.787143 seconds.
  path: Assets/Prefabs/Dogs/Dog_Beagle_01.prefab
  artifactKey: Guid(511b60e232256d649b772f4c70f878da) Importer(815301076,1909f56bfc062723c751e8b465ee728b)
Start importing Assets/Prefabs/Dogs/Dog_Beagle_01.prefab using Guid(511b60e232256d649b772f4c70f878da) Importer(815301076,1909f56bfc062723c751e8b465ee728b)  -> (artifact id: '8d3044c32f21cb2604da90a9e3d4b147') in 0.053315 seconds
Number of updated asset objects reloaded before import = 0
Number of asset objects unloaded after import = 275
========================================================================
Received Import Request.
  Time since last request: 0.000023 seconds.
  path: Assets/Prefabs/Dogs/Dog_BullDog_01.prefab
  artifactKey: Guid(fe31ce7e39381cf43b1131319755603d) Importer(815301076,1909f56bfc062723c751e8b465ee728b)
Start importing Assets/Prefabs/Dogs/Dog_BullDog_01.prefab using Guid(fe31ce7e39381cf43b1131319755603d) Importer(815301076,1909f56bfc062723c751e8b465ee728b)  -> (artifact id: '6a9eb1207c3daf079ff912cc2c63a1ee') in 0.041220 seconds
Number of updated asset objects reloaded before import = 0
Number of asset objects unloaded after import = 275
========================================================================
Received Import Request.
  Time since last request: 0.000021 seconds.
  path: Assets/Prefabs/Dogs/Dog_SaintBernard_01.prefab
  artifactKey: Guid(3cb70ee37ddb4a543b9ae40f5684abf3) Importer(815301076,1909f56bfc062723c751e8b465ee728b)
Start importing Assets/Prefabs/Dogs/Dog_SaintBernard_01.prefab using Guid(3cb70ee37ddb4a543b9ae40f5684abf3) Importer(815301076,1909f56bfc062723c751e8b465ee728b)  -> (artifact id: 'fcd895b5afdaad6b9c086f398b6bb801') in 0.037310 seconds
Number of updated asset objects reloaded before import = 0
Number of asset objects unloaded after import = 275
========================================================================
Received Import Request.
  Time since last request: 0.000032 seconds.
  path: Assets/Prefabs/Dogs/Dog_RhodesianRidgeback_01.prefab
  artifactKey: Guid(0f96a1f5f76ff2e4588f2308b5b12eb5) Importer(815301076,1909f56bfc062723c751e8b465ee728b)
Start importing Assets/Prefabs/Dogs/Dog_RhodesianRidgeback_01.prefab using Guid(0f96a1f5f76ff2e4588f2308b5b12eb5) Importer(815301076,1909f56bfc062723c751e8b465ee728b)  -> (artifact id: '0ad7c2e72bae3984181c9d4140be4d65') in 0.028530 seconds
Number of updated asset objects reloaded before import = 0
Number of asset objects unloaded after import = 275
========================================================================
Received Import Request.
  Time since last request: 0.000015 seconds.
  path: Assets/Prefabs/Dogs/Dog_Pug_01.prefab
  artifactKey: Guid(cd9e1765ac271c64f8f9616e6b7c5c4f) Importer(815301076,1909f56bfc062723c751e8b465ee728b)
Start importing Assets/Prefabs/Dogs/Dog_Pug_01.prefab using Guid(cd9e1765ac271c64f8f9616e6b7c5c4f) Importer(815301076,1909f56bfc062723c751e8b465ee728b)  -> (artifact id: 'ffcd38e26d59424224ede4448fd49526') in 0.030006 seconds
Number of updated asset objects reloaded before import = 0
Number of asset objects unloaded after import = 275
========================================================================
Received Import Request.
  Time since last request: 0.000022 seconds.
  path: Assets/Prefabs/Dogs/Dog_Doberman_01.prefab
  artifactKey: Guid(1732a942750b5b442915f4a1ae2c3632) Importer(815301076,1909f56bfc062723c751e8b465ee728b)
Start importing Assets/Prefabs/Dogs/Dog_Doberman_01.prefab using Guid(1732a942750b5b442915f4a1ae2c3632) Importer(815301076,1909f56bfc062723c751e8b465ee728b)  -> (artifact id: 'eb98572ee170922e16bc6a6fa3c59129') in 0.024728 seconds
Number of updated asset objects reloaded before import = 0
Number of asset objects unloaded after import = 275
Editor requested this worker to shutdown with reason: Scaling down because of idle timeout
TcpMessagingSession - receive error: operation aborted. errorcode: 995, details: The I/O operation has been aborted because of either a thread exit or an application request.
AssetImportWorker is now disconnected from the server
Process exiting
Exiting without the bug reporter. Application will terminate with return code 0